生成启动时间为 2016/1/4 14:28:19。
     1>项目“E:\Home\VirtualDisk\VirtualDisk\VirtualDisk.vcxproj”在节点 2 上(build 个目标)。
     1>InitializeBuildStatus:
         正在创建“Debug\VirtualDisk.unsuccessfulbuild”，因为已指定“AlwaysCreate”。
       ClCompile:
         F:\Program Files (x86)\Microsoft Visual Studio 10.0\VC\bin\CL.exe /c /I"G:\Projects\gtest-1.7.0\include" /I"F:\Program Files (x86)\Visual Leak Detector\include" /ZI /nologo /W3 /WX- /Od /Oy- /D WIN32 /D _DEBUG /D _CONSOLE /D _UNICODE /D UNICODE /Gm /EHsc /RTC1 /MTd /GS /fp:precise /Zc:wchar_t /Zc:forScope /Fo"Debug\\" /Fd"Debug\vc100.pdb" /Gd /TP /analyze- /errorReport:prompt CdCommand_unittest.cpp CommandAnalysis_unittest.cpp VirtualDiskMain.cpp
         CommandAnalysis_unittest.cpp
     1>e:\home\virtualdisk\virtualdisk\commandanalysis_unittest.cpp(95): warning C4018: “<”: 有符号/无符号不匹配
     1>e:\home\virtualdisk\virtualdisk\commandanalysis_unittest.cpp(100): warning C4018: “<”: 有符号/无符号不匹配
     1>e:\home\virtualdisk\virtualdisk\commandanalysis_unittest.cpp(112): warning C4018: “<”: 有符号/无符号不匹配
     1>e:\home\virtualdisk\virtualdisk\commandanalysis_unittest.cpp(117): warning C4018: “<”: 有符号/无符号不匹配
     1>e:\home\virtualdisk\virtualdisk\commandanalysis_unittest.cpp(129): warning C4018: “<”: 有符号/无符号不匹配
         CdCommand_unittest.cpp
         正在生成代码...
         正在跳过...(未检测到相关更改)
         VirtualDiskMain.cpp
       Link:
         F:\Program Files (x86)\Microsoft Visual Studio 10.0\VC\bin\link.exe /ERRORREPORT:PROMPT /OUT:"E:\Home\VirtualDisk\Debug\VirtualDisk.exe" /INCREMENTAL /NOLOGO /LIBPATH:"F:\Program Files (x86)\Visual Leak Detector\lib\Win32" gtestd.lib kernel32.lib user32.lib gdi32.lib winspool.lib comdlg32.lib advapi32.lib shell32.lib ole32.lib oleaut32.lib uuid.lib odbc32.lib odbccp32.lib /MANIFEST /ManifestFile:"Debug\VirtualDisk.exe.intermediate.manifest" /MANIFESTUAC:"level='asInvoker' uiAccess='false'" /DEBUG /PDB:"E:\Home\VirtualDisk\Debug\VirtualDisk.pdb" /SUBSYSTEM:CONSOLE /TLBID:1 /DYNAMICBASE /NXCOMPAT /IMPLIB:"E:\Home\VirtualDisk\Debug\VirtualDisk.lib" /MACHINE:X86 Debug\CdCommand.obj
         Debug\CdCommand_unittest.obj
         Debug\Command.obj
         Debug\CommandAnalysis.obj
         Debug\CommandAnalysis_unittest.obj
         Debug\CommandElement.obj
         Debug\CommandFactory.obj
         Debug\CopyCommand.obj
         Debug\Date.obj
         Debug\DelCommand.obj
         Debug\DirCommand.obj
         Debug\ExitCommand.obj
         Debug\File.obj
         Debug\Folder.obj
         Debug\LoadCommand.obj
         Debug\MdCommand.obj
         Debug\MkCommand.obj
         Debug\MoveCommand.obj
         Debug\Node.obj
         Debug\RdCommand.obj
         Debug\RenCommand.obj
         Debug\SaveCommand.obj
         Debug\Subject.obj
         Debug\SymbolicLink.obj
         Debug\tinystr.obj
         Debug\tinyxml.obj
         Debug\tinyxmlerror.obj
         Debug\tinyxmlparser.obj
         Debug\VirtualDisk.obj
         Debug\VirtualDiskMain.obj
         Debug\VirtualDisk_unittest.obj
         Debug\ZBase64.obj
         VirtualDisk.vcxproj -> E:\Home\VirtualDisk\Debug\VirtualDisk.exe
       Manifest:
         C:\Program Files (x86)\Microsoft SDKs\Windows\v7.0A\bin\mt.exe /nologo /verbose /out:"E:\Home\VirtualDisk\Debug\VirtualDisk.exe.manifest" /manifest Debug\VirtualDisk.exe.intermediate.manifest
       FinalizeBuildStatus:
         正在删除文件“Debug\VirtualDisk.unsuccessfulbuild”。
         正在对“Debug\VirtualDisk.lastbuildstate”执行 Touch 任务。
     1>已完成生成项目“E:\Home\VirtualDisk\VirtualDisk\VirtualDisk.vcxproj”(build 个目标)的操作。

生成成功。

已用时间 00:00:01.71
